<?xml version="1.0" encoding="UTF-8"?>
<!-- Generated by org.testng.reporters.JUnitXMLReporter -->
<testsuite ignored="6" hostname="A2ML15225" failures="1" tests="3" name="testngTest" time="188.524" errors="0" timestamp="2019-12-18T15:04:29 IST">
  <testcase classname="com.toolsqa.scripts.LoginTest" name="Login" time="43.234"/>
  <testcase classname="com.toolsqa.scripts.RegsitrationTest" name="registration" time="75.678"/>
  <testcase classname="com.toolsqa.scripts.VerifyLinksTest" name="Links" time="43.456">
    <failure type="java.lang.NullPointerException">
      <![CDATA[java.lang.NullPointerException
at org.openqa.selenium.support.pagefactory.internal.LocatingElementHandler.invoke(LocatingElementHandler.java:51)
at com.sun.proxy.$Proxy18.click(Unknown Source)
at com.toolsqa.pages.MyAccountPage.verifyLinks(MyAccountPage.java:70)
at com.toolsqa.scripts.VerifyLinksTest.Links(VerifyLinksTest.java:21)
at java.base/java.util.ArrayList.forEach(ArrayList.java:1540)
... Removed 28 stack frames]]>
    </failure>
  </testcase> <!-- Links -->
  <testcase classname="com.toolsqa.base.BaseTest" name="@BeforeTest initGlobalVar" time="0.0">
    <ignored/>
  </testcase> <!-- @BeforeTest initGlobalVar -->
  <testcase classname="com.toolsqa.base.BaseTest" name="@BeforeTest initGlobalVar" time="0.0">
    <ignored/>
  </testcase> <!-- @BeforeTest initGlobalVar -->
  <testcase classname="com.toolsqa.base.BaseTest" name="@AfterSuite publishReport" time="0.0">
    <ignored/>
  </testcase> <!-- @AfterSuite publishReport -->
  <testcase classname="com.toolsqa.base.BaseTest" name="@AfterSuite publishReport" time="0.0">
    <ignored/>
  </testcase> <!-- @AfterSuite publishReport -->
  <testcase classname="com.toolsqa.base.BaseTest" name="@BeforeSuite initFrameWork" time="0.0">
    <ignored/>
  </testcase> <!-- @BeforeSuite initFrameWork -->
  <testcase classname="com.toolsqa.base.BaseTest" name="@BeforeSuite initFrameWork" time="0.0">
    <ignored/>
  </testcase> <!-- @BeforeSuite initFrameWork -->
</testsuite> <!-- testngTest -->
